<?xml version="1.0" encoding="UTF-8"?>
<!-- Generated by org.testng.reporters.JUnitXMLReporter -->
<testsuite ignored="2" hostname="NikhathAnjum" failures="1" tests="2" name="Sanity Test" time="8.037" errors="0" timestamp="2025-08-21T11:16:01 IST">
  <testcase classname="demoTest.TestNG_Examples" name="BeforeSuiteMethod" time="0.021"/>
  <testcase classname="demoTest.TestNG_Examples" name="test" time="0.299">
    <failure type="java.lang.AssertionError" message="expected [false] but found [true]">
      <![CDATA[java.lang.AssertionError: expected [false] but found [true]
at demoTest.TestNG_Examples.test(TestNG_Examples.java:77)
at java.base/java.util.ArrayList.forEach(ArrayList.java:1597)
... Removed 29 stack frames]]>
    </failure>
  </testcase> <!-- test -->
  <testcase classname="demoTest.TestNG_Examples" name="first_Method1" time="0.0">
    <ignored/>
  </testcase> <!-- first_Method1 -->
  <testcase classname="demoTest.TestNG_Examples" name="first_Method" time="0.0">
    <ignored/>
  </testcase> <!-- first_Method -->
</testsuite> <!-- Sanity Test -->
